<?xml version="1.0" encoding="UTF-8"?>
<!-- Generated by org.testng.reporters.JUnitReportReporter -->
<testsuite hostname="LAPTOP-IKS9SD1L" failures="0" tests="4" name="com.mycompany.app.DPTest" time="81.882" errors="0" timestamp="2022-11-02T20:30:42 IST" skipped="0">
  <testcase classname="com.mycompany.app.DPTest" name="f" time="20.490"/>
  <system-out/>
  <testcase classname="com.mycompany.app.DPTest" name="f" time="20.091"/>
  <system-out/>
  <testcase classname="com.mycompany.app.DPTest" name="f" time="20.615"/>
  <system-out/>
  <testcase classname="com.mycompany.app.DPTest" name="f" time="20.686"/>
  <system-out/>
</testsuite> <!-- com.mycompany.app.DPTest -->
